2025-03-28 15:10:04.706565 - Received CBT.V508.FILE088.PDS from FILE088.XMI 
2025-03-28 15:10:04.708859 - Found $$$#DATE.txt (text/plain) in CBT.V508.FILE088.PDS, moved to PDS/$$$#DATE
2025-03-28 15:10:04.710959 - Found $ABSTNEW.txt (text/plain) in CBT.V508.FILE088.PDS, moved to PDS/$ABSTNEW
2025-03-28 15:10:04.712698 - Found $ABSTOLD.txt (text/plain) in CBT.V508.FILE088.PDS, moved to PDS/$ABSTOLD
2025-03-28 15:10:04.715851 - Found @FILE088.txt (text/plain) in CBT.V508.FILE088.PDS, moved to PDS/@FILE088
2025-03-28 15:10:04.719729 - Found AUTO.jcl (text/plain) in CBT.V508.FILE088.PDS, moved to PDS/AUTO
2025-03-28 15:10:04.720865 - Found CATLIST.rexx (text/plain) in CBT.V508.FILE088.PDS, moved to PDS/CATLIST
2025-03-28 15:10:04.722183 - Found COMMANDZ.txt (text/plain) in CBT.V508.FILE088.PDS, moved to PDS/COMMANDZ
2025-03-28 15:10:04.723721 - Found CONNECT.txt (text/plain) in CBT.V508.FILE088.PDS, moved to PDS/CONNECT
2025-03-28 15:10:04.725434 - Found EQUREGS.txt (text/plain) in CBT.V508.FILE088.PDS, moved to PDS/EQUREGS
2025-03-28 15:10:04.727799 - Found EXITP20.txt (text/plain) in CBT.V508.FILE088.PDS, moved to PDS/EXITP20
2025-03-28 15:10:04.729634 - Found EXIT004.txt (text/plain) in CBT.V508.FILE088.PDS, moved to PDS/EXIT004
2025-03-28 15:10:04.731129 - Found EXIT005.txt (text/plain) in CBT.V508.FILE088.PDS, moved to PDS/EXIT005
2025-03-28 15:10:04.732408 - Found EXIT008.txt (text/plain) in CBT.V508.FILE088.PDS, moved to PDS/EXIT008
2025-03-28 15:10:04.735487 - Found EXIT05UD.txt (text/plain) in CBT.V508.FILE088.PDS, moved to PDS/EXIT05UD
2025-03-28 15:10:04.738566 - Found EXIT10.txt (text/plain) in CBT.V508.FILE088.PDS, moved to PDS/EXIT10
2025-03-28 15:10:04.740574 - Found EXIT16.txt (text/plain) in CBT.V508.FILE088.PDS, moved to PDS/EXIT16
2025-03-28 15:10:04.742811 - Found EXIT20.txt (text/plain) in CBT.V508.FILE088.PDS, moved to PDS/EXIT20
2025-03-28 15:10:04.744560 - Found EXIT212.txt (text/plain) in CBT.V508.FILE088.PDS, moved to PDS/EXIT212
2025-03-28 15:10:04.747348 - Found EX05OPER.txt (text/plain) in CBT.V508.FILE088.PDS, moved to PDS/EX05OPER
2025-03-28 15:10:04.749162 - Found EX05STUP.txt (text/plain) in CBT.V508.FILE088.PDS, moved to PDS/EX05STUP
2025-03-28 15:10:04.750267 - Found EX16.txt (text/plain) in CBT.V508.FILE088.PDS, moved to PDS/EX16
2025-03-28 15:10:04.752609 - Found EX16$.jcl (text/plain) in CBT.V508.FILE088.PDS, moved to PDS/EX16$
2025-03-28 15:10:04.756243 - Found EX8.txt (text/plain) in CBT.V508.FILE088.PDS, moved to PDS/EX8
2025-03-28 15:10:04.757743 - Found EX8$.jcl (text/plain) in CBT.V508.FILE088.PDS, moved to PDS/EX8$
2025-03-28 15:10:04.759025 - Found EX99.txt (text/plain) in CBT.V508.FILE088.PDS, moved to PDS/EX99
2025-03-28 15:10:04.761188 - Found EX99$.jcl (text/plain) in CBT.V508.FILE088.PDS, moved to PDS/EX99$
2025-03-28 15:10:04.762132 - Found FINDASCB.txt (text/plain) in CBT.V508.FILE088.PDS, moved to PDS/FINDASCB
2025-03-28 15:10:04.763379 - Found GETINFO.txt (text/plain) in CBT.V508.FILE088.PDS, moved to PDS/GETINFO
2025-03-28 15:10:04.765287 - Found GETINFO$.jcl (text/plain) in CBT.V508.FILE088.PDS, moved to PDS/GETINFO$
2025-03-28 15:10:04.769286 - Found GETINFO#.txt (text/plain) in CBT.V508.FILE088.PDS, moved to PDS/GETINFO#
2025-03-28 15:10:04.770491 - Found HERCAUTO.txt (text/plain) in CBT.V508.FILE088.PDS, moved to PDS/HERCAUTO
2025-03-28 15:10:04.772528 - Found IEFACTRT.txt (text/plain) in CBT.V508.FILE088.PDS, moved to PDS/IEFACTRT
2025-03-28 15:10:04.773958 - Found IEFUJV.txt (text/plain) in CBT.V508.FILE088.PDS, moved to PDS/IEFUJV
2025-03-28 15:10:04.776428 - Found IEFUJV$.jcl (text/plain) in CBT.V508.FILE088.PDS, moved to PDS/IEFUJV$
2025-03-28 15:10:04.777608 - Found IEFUTL.txt (text/plain) in CBT.V508.FILE088.PDS, moved to PDS/IEFUTL
2025-03-28 15:10:04.778482 - Found IEFUTL$.jcl (text/plain) in CBT.V508.FILE088.PDS, moved to PDS/IEFUTL$
2025-03-28 15:10:04.780020 - Found IEFU29X.txt (text/plain) in CBT.V508.FILE088.PDS, moved to PDS/IEFU29X
2025-03-28 15:10:04.780999 - Found IEFU29X$.jcl (text/plain) in CBT.V508.FILE088.PDS, moved to PDS/IEFU29X$
2025-03-28 15:10:04.782127 - Found IEFU83X.txt (text/plain) in CBT.V508.FILE088.PDS, moved to PDS/IEFU83X
2025-03-28 15:10:04.782704 - Found IEFU83X$.jcl (text/plain) in CBT.V508.FILE088.PDS, moved to PDS/IEFU83X$
2025-03-28 15:10:04.783854 - Found IGGPRE00.jcl (text/plain) in CBT.V508.FILE088.PDS, moved to PDS/IGGPRE00
2025-03-28 15:10:04.784622 - Found ITACCTBL.jcl (text/plain) in CBT.V508.FILE088.PDS, moved to PDS/ITACCTBL
2025-03-28 15:10:04.785339 - Found JES215MD.txt (text/plain) in CBT.V508.FILE088.PDS, moved to PDS/JES215MD
2025-03-28 15:10:04.786178 - Found JX05.txt (text/plain) in CBT.V508.FILE088.PDS, moved to PDS/JX05
2025-03-28 15:10:04.786888 - Found JX05$.jcl (text/plain) in CBT.V508.FILE088.PDS, moved to PDS/JX05$
2025-03-28 15:10:04.787882 - Found JX08.txt (text/plain) in CBT.V508.FILE088.PDS, moved to PDS/JX08
2025-03-28 15:10:04.788712 - Found JX08$.jcl (text/plain) in CBT.V508.FILE088.PDS, moved to PDS/JX08$
2025-03-28 15:10:04.789343 - Found JX16.txt (text/plain) in CBT.V508.FILE088.PDS, moved to PDS/JX16
2025-03-28 15:10:04.790341 - Found JX16$.jcl (text/plain) in CBT.V508.FILE088.PDS, moved to PDS/JX16$
2025-03-28 15:10:04.792016 - Found J005$DV.txt (text/plain) in CBT.V508.FILE088.PDS, moved to PDS/J005$DV
2025-03-28 15:10:04.794180 - Found J005LOAD.txt (text/plain) in CBT.V508.FILE088.PDS, moved to PDS/J005LOAD
2025-03-28 15:10:04.795732 - Found MCS.jcl (text/plain) in CBT.V508.FILE088.PDS, moved to PDS/MCS
2025-03-28 15:10:04.797108 - Found MINIGEN.jcl (text/plain) in CBT.V508.FILE088.PDS, moved to PDS/MINIGEN
2025-03-28 15:10:04.798119 - Found MULTICOL.txt (text/plain) in CBT.V508.FILE088.PDS, moved to PDS/MULTICOL
2025-03-28 15:10:04.799055 - Found NODTAB22.jcl (text/plain) in CBT.V508.FILE088.PDS, moved to PDS/NODTAB22
2025-03-28 15:10:04.801406 - Found NOKEEP.jcl (text/plain) in CBT.V508.FILE088.PDS, moved to PDS/NOKEEP
2025-03-28 15:10:04.802009 - Found PANBKPR$.jcl (text/plain) in CBT.V508.FILE088.PDS, moved to PDS/PANBKPR$
2025-03-28 15:10:04.802651 - Found PANBKPR#.txt (text/plain) in CBT.V508.FILE088.PDS, moved to PDS/PANBKPR#
2025-03-28 15:10:04.803222 - Found PANBKPR@.jcl (text/plain) in CBT.V508.FILE088.PDS, moved to PDS/PANBKPR@
2025-03-28 15:10:04.804052 - Found PANBKPRT.txt (text/plain) in CBT.V508.FILE088.PDS, moved to PDS/PANBKPRT
2025-03-28 15:10:04.804759 - Found POSTER.bin (application/octet-stream) in CBT.V508.FILE088.PDS, moved to PDS/POSTER
2025-03-28 15:10:04.805429 - Found PRCJ2001.txt (text/plain) in CBT.V508.FILE088.PDS, moved to PDS/PRCJ2001
2025-03-28 15:10:04.806094 - Found PRCJ2004.txt (text/plain) in CBT.V508.FILE088.PDS, moved to PDS/PRCJ2004
2025-03-28 15:10:04.806949 - Found PRCJ2212.jcl (text/plain) in CBT.V508.FILE088.PDS, moved to PDS/PRCJ2212
2025-03-28 15:10:04.807644 - Found PRCM0001.jcl (text/plain) in CBT.V508.FILE088.PDS, moved to PDS/PRCM0001
2025-03-28 15:10:04.808384 - Found PRCM0002.jcl (text/plain) in CBT.V508.FILE088.PDS, moved to PDS/PRCM0002
2025-03-28 15:10:04.809031 - Found PRCM0003.jcl (text/plain) in CBT.V508.FILE088.PDS, moved to PDS/PRCM0003
2025-03-28 15:10:04.809900 - Found PRCM0004.jcl (text/plain) in CBT.V508.FILE088.PDS, moved to PDS/PRCM0004
2025-03-28 15:10:04.810602 - Found PRCM0005.jcl (text/plain) in CBT.V508.FILE088.PDS, moved to PDS/PRCM0005
2025-03-28 15:10:04.811304 - Found PRCM0010.jcl (text/plain) in CBT.V508.FILE088.PDS, moved to PDS/PRCM0010
2025-03-28 15:10:04.812314 - Found PRCM0017.jcl (text/plain) in CBT.V508.FILE088.PDS, moved to PDS/PRCM0017
2025-03-28 15:10:04.813257 - Found REDMSG.txt (text/plain) in CBT.V508.FILE088.PDS, moved to PDS/REDMSG
2025-03-28 15:10:04.814017 - Found RELEASE.txt (text/plain) in CBT.V508.FILE088.PDS, moved to PDS/RELEASE
2025-03-28 15:10:04.815093 - Found SETAMODE.txt (text/plain) in CBT.V508.FILE088.PDS, moved to PDS/SETAMODE
2025-03-28 15:10:04.818280 - Found SHUTDOWN.txt (text/plain) in CBT.V508.FILE088.PDS, moved to PDS/SHUTDOWN
2025-03-28 15:10:04.819023 - Found SLSUX06.jcl (text/plain) in CBT.V508.FILE088.PDS, moved to PDS/SLSUX06
2025-03-28 15:10:04.822256 - Found SYSBLD00.jcl (text/plain) in CBT.V508.FILE088.PDS, moved to PDS/SYSBLD00
2025-03-28 15:10:04.823744 - Found SYSCATBK.jcl (text/plain) in CBT.V508.FILE088.PDS, moved to PDS/SYSCATBK
2025-03-28 15:10:04.826270 - Found SYZREORG.jcl (text/plain) in CBT.V508.FILE088.PDS, moved to PDS/SYZREORG
2025-03-28 15:10:04.827128 - Found SYZYGYE$.jcl (text/plain) in CBT.V508.FILE088.PDS, moved to PDS/SYZYGYE$
2025-03-28 15:10:04.828005 - Found SYZYGYEJ.txt (text/plain) in CBT.V508.FILE088.PDS, moved to PDS/SYZYGYEJ
2025-03-28 15:10:04.828812 - Found SYZYGYVR.bin (application/octet-stream) in CBT.V508.FILE088.PDS, moved to PDS/SYZYGYVR
2025-03-28 15:10:04.829491 - Found TALK.txt (text/plain) in CBT.V508.FILE088.PDS, moved to PDS/TALK
2025-03-28 15:10:04.830465 - Found TALKP.txt (text/plain) in CBT.V508.FILE088.PDS, moved to PDS/TALKP
2025-03-28 15:10:04.831126 - Found TSOTAB22.jcl (text/plain) in CBT.V508.FILE088.PDS, moved to PDS/TSOTAB22
2025-03-28 15:10:04.831874 - Found ULX$DOC.txt (text/plain) in CBT.V508.FILE088.PDS, moved to PDS/ULX$DOC
2025-03-28 15:10:04.832538 - Found ULXH02.txt (text/plain) in CBT.V508.FILE088.PDS, moved to PDS/ULXH02
2025-03-28 15:10:04.834046 - Found ULXL01.txt (text/plain) in CBT.V508.FILE088.PDS, moved to PDS/ULXL01
2025-03-28 15:10:04.834724 - Found ULXL01$.jcl (text/plain) in CBT.V508.FILE088.PDS, moved to PDS/ULXL01$
2025-03-28 15:10:04.836780 - Found ULXM01.txt (text/plain) in CBT.V508.FILE088.PDS, moved to PDS/ULXM01
2025-03-28 15:10:04.838494 - Found ULXO01.bin (application/octet-stream) in CBT.V508.FILE088.PDS, moved to PDS/ULXO01
2025-03-28 15:10:04.840284 - Found ULXP01.txt (text/plain) in CBT.V508.FILE088.PDS, moved to PDS/ULXP01
2025-03-28 15:10:04.843851 - Found ULXP02.txt (text/plain) in CBT.V508.FILE088.PDS, moved to PDS/ULXP02
2025-03-28 15:10:04.844994 - Found ULXP03.txt (text/plain) in CBT.V508.FILE088.PDS, moved to PDS/ULXP03
2025-03-28 15:10:04.846758 - Found USAGE.jcl (text/plain) in CBT.V508.FILE088.PDS, moved to PDS/USAGE
2025-03-28 15:10:04.848365 - Found WAIT$.jcl (text/plain) in CBT.V508.FILE088.PDS, moved to PDS/WAIT$
2025-03-28 15:10:04.849223 - Found WAIT#.jcl (text/plain) in CBT.V508.FILE088.PDS, moved to PDS/WAIT#
2025-03-28 15:10:04.850495 - Found WAITPROG.txt (text/plain) in CBT.V508.FILE088.PDS, moved to PDS/WAITPROG
2025-03-28 15:10:04.851683 - Found XJ2NET.txt (text/plain) in CBT.V508.FILE088.PDS, moved to PDS/XJ2NET
